-------------------------------------------------------------------------------
Test set: com.in28minutes.unittesting.unittesting.business.ItemBusinessServiceTest
-------------------------------------------------------------------------------
Tests run: 1, Failures: 1, Errors: 0, Skipped: 0, Time elapsed: 0.018 s <<< FAILURE! - in com.in28minutes.unittesting.unittesting.business.ItemBusinessServiceTest
retrieveAllItems_basic  Time elapsed: 0.018 s  <<< FAILURE!
org.opentest4j.AssertionFailedError: expected: <40000> but was: <400>
	at com.in28minutes.unittesting.unittesting.business.ItemBusinessServiceTest.retrieveAllItems_basic(ItemBusinessServiceTest.java:34)

